<?xml version="1.0" encoding="UTF-8"?>
<!-- Generated by org.testng.reporters.JUnitXMLReporter -->
<testsuite ignored="0" hostname="AjayHC" failures="1" tests="8" name="Orange HRM Automation Test" time="170.223" errors="0" timestamp="2022-11-24T18:43:02 IST">
  <testcase classname="com.HRM.qa.TestCases.LoginPageTest" name="LogoTest" time="1.565">
    <failure type="java.lang.AssertionError" message="expected [true] but found [false]">
      <![CDATA[java.lang.AssertionError: expected [true] but found [false]
at com.HRM.qa.TestCases.LoginPageTest.LogoTest(LoginPageTest.java:33)
at java.base/java.util.ArrayList.forEach(ArrayList.java:1511)
... Removed 29 stack frames]]>
    </failure>
  </testcase> <!-- LogoTest -->
  <testcase classname="com.HRM.qa.TestCases.LoginPageTest" name="TitleTest" time="0.013"/>
  <testcase classname="com.HRM.qa.TestCases.LoginPageTest" name="logintest" time="3.624"/>
  <testcase classname="com.HRM.qa.TestCases.HomePageTest" name="clickpim" time="3.768"/>
  <testcase classname="com.HRM.qa.TestCases.PIMPageTest" name="validateaddemppage" time="1.933"/>
  <testcase classname="com.HRM.qa.TestCases.AddEmpPageTest" name="Addemp" time="11.587"/>
  <testcase classname="com.HRM.qa.TestCases.AddEmpPageTest" name="Addemp" time="11.591"/>
  <testcase classname="com.HRM.qa.TestCases.AddEmpPageTest" name="Addemp" time="11.502"/>
</testsuite> <!-- Orange HRM Automation Test -->
